<?xml version="1.0" encoding="UTF-8"?>
<testng-results ignored="0" total="1" passed="1" failed="0" skipped="0">
  <reporter-output>
  </reporter-output>
  <suite started-at="2020-10-27T22:10:52 IST" name="Default suite" finished-at="2020-10-27T22:11:04 IST" duration-ms="11568">
    <groups>
    </groups>
    <test started-at="2020-10-27T22:10:52 IST" name="Default test" finished-at="2020-10-27T22:11:04 IST" duration-ms="11568">
      <class name="TestCases.pageUp_testCases">
        <test-method signature="pageUpButtonCheck()[pri:0, instance:TestCases.pageUp_testCases@78b729e6]" started-at="2020-10-27T22:10:52 IST" name="pageUpButtonCheck" finished-at="2020-10-27T22:11:04 IST" duration-ms="11518" status="PASS">
          <reporter-output>
          </reporter-output>
        </test-method> <!-- pageUpButtonCheck -->
      </class> <!-- TestCases.pageUp_testCases -->
    </test> <!-- Default test -->
  </suite> <!-- Default suite -->
</testng-results>
